Java HotSpot(TM) 64-Bit Server VM warning: ignoring option MaxPermSize=128m; support was removed in 8.0
log4j:WARN No appenders could be found for logger (org.eclipse.jetty.util.log).
log4j:WARN Please initialize the log4j system properly.
log4j:WARN See http://logging.apache.org/log4j/1.2/faq.html#noconfig for more info.
SLF4J: Class path contains multiple SLF4J bindings.
SLF4J: Found binding in [jar:file:/private/var/folders/fb/d94r7kdj52b2pqxl7h876mjw0000gp/T/jetty-0.0.0.0-8983-fedora.war-_fedora-any-/webapp/WEB-INF/lib/logback-classic-1.0.9.jar!/org/slf4j/impl/StaticLoggerBinder.class]
SLF4J: Found binding in [jar:file:/Users/cam156/worthwhile_demo/jetty/lib/ext/slf4j-log4j12-1.6.6.jar!/org/slf4j/impl/StaticLoggerBinder.class]
SLF4J: See http://www.slf4j.org/codes.html#multiple_bindings for an explanation.
SLF4J: Actual binding is of type [ch.qos.logback.classic.util.ContextSelectorStaticBinder]
Null identity service, trying login service: org.eclipse.jetty.security.DefaultIdentityService@23c30a20
Finding identity service: org.eclipse.jetty.security.DefaultIdentityService@23c30a20
LoginService=HashLoginService[Fedora Repository Server] identityService=org.eclipse.jetty.security.DefaultIdentityService@23c30a20
SLF4J: Class path contains multiple SLF4J bindings.
SLF4J: Found binding in [jar:file:/private/var/folders/fb/d94r7kdj52b2pqxl7h876mjw0000gp/T/jetty-0.0.0.0-8983-fedora.war-_fedora-test-any-/webapp/WEB-INF/lib/logback-classic-1.0.9.jar!/org/slf4j/impl/StaticLoggerBinder.class]
SLF4J: Found binding in [jar:file:/Users/cam156/worthwhile_demo/jetty/lib/ext/slf4j-log4j12-1.6.6.jar!/org/slf4j/impl/StaticLoggerBinder.class]
SLF4J: See http://www.slf4j.org/codes.html#multiple_bindings for an explanation.
SLF4J: Actual binding is of type [ch.qos.logback.classic.util.ContextSelectorStaticBinder]
Null identity service, trying login service: org.eclipse.jetty.security.DefaultIdentityService@23c30a20
Finding identity service: org.eclipse.jetty.security.DefaultIdentityService@23c30a20
LoginService=HashLoginService[Fedora Repository Server] identityService=org.eclipse.jetty.security.DefaultIdentityService@23c30a20
Null identity service, trying login service: org.eclipse.jetty.security.DefaultIdentityService@23c30a20
Finding identity service: org.eclipse.jetty.security.DefaultIdentityService@23c30a20
LoginService=HashLoginService[Fedora Repository Server] identityService=org.eclipse.jetty.security.DefaultIdentityService@23c30a20
